\BOOKMARK [0][-]{chapter*.1}{\376\377\000T\000a\000b\000l\000e\000\040\000o\000f\000\040\000c\000o\000n\000t\000e\000n\000t\000s}{}% 1
\BOOKMARK [0][-]{chapter.1}{\376\377\0000\0001\000\040\000-\000\040\000E\000r\000s\000t\000e\000\040\000S\000c\000h\000r\000i\000t\000t\000e\000\040\000m\000i\000t\000\040\000C}{}% 2
\BOOKMARK [1][-]{section.1.1}{\376\377\0001\000.\000\040\000\334\000b\000e\000r\000s\000i\000c\000h\000t}{chapter.1}% 3
\BOOKMARK [1][-]{section.1.2}{\376\377\0002\000.\000\040\000L\000e\000r\000n\000z\000i\000e\000l\000e}{chapter.1}% 4
\BOOKMARK [1][-]{section.1.3}{\376\377\0003\000.\000\040\000A\000u\000f\000g\000a\000b\000e\000\040\0001\000:\000\040\000v\000i\000r\000t\000u\000e\000l\000l\000e\000\040\000M\000a\000s\000c\000h\000i\000n\000e}{chapter.1}% 5
\BOOKMARK [1][-]{section.1.4}{\376\377\0004\000.\000\040\000A\000u\000f\000g\000a\000b\000e\000\040\0002\000:\000\040\000H\000e\000l\000l\000o\000\040\000W\000o\000r\000l\000d}{chapter.1}% 6
\BOOKMARK [1][-]{section.1.5}{\376\377\0005\000.\000\040\000A\000u\000f\000g\000a\000b\000e\000\040\0003\000:\000\040\000T\000a\000b\000e\000l\000l\000e\000n\000a\000u\000s\000g\000a\000b\000e}{chapter.1}% 7
\BOOKMARK [1][-]{section.1.6}{\376\377\0006\000.\000\040\000A\000u\000f\000g\000a\000b\000e\000\040\0004\000:\000\040\000Z\000e\000i\000c\000h\000e\000n\000\040\000u\000n\000d\000\040\000W\000\366\000r\000t\000e\000r\000\040\000z\000\344\000h\000l\000e\000n}{chapter.1}% 8
\BOOKMARK [1][-]{section.1.7}{\376\377\0007\000.\000\040\000B\000e\000w\000e\000r\000t\000u\000n\000g}{chapter.1}% 9
\BOOKMARK [0][-]{chapter.2}{\376\377\0000\0002\000:\000\040\000F\000u\000n\000k\000t\000i\000o\000n\000e\000n\000,\000\040\000D\000a\000t\000e\000n\000t\000y\000p\000\040\040\034\000e\000n\000u\000m\040\035}{}% 10
\BOOKMARK [1][-]{section.2.1}{\376\377\0001\000.\000\040\000\334\000b\000e\000r\000s\000i\000c\000h\000t}{chapter.2}% 11
\BOOKMARK [1][-]{section.2.2}{\376\377\0002\000.\000\040\000L\000e\000r\000n\000z\000i\000e\000l\000e}{chapter.2}% 12
\BOOKMARK [1][-]{section.2.3}{\376\377\0003\000.\000\040\000A\000u\000f\000g\000a\000b\000e\000n}{chapter.2}% 13
\BOOKMARK [2][-]{subsection.2.3.1}{\376\377\0003\000.\0001\000\040\000A\000u\000f\000g\000a\000b\000e\000\040\0001\000\040\000T\000a\000g\000e\000\040\000p\000r\000o\000\040\000M\000o\000n\000a\000t}{section.2.3}% 14
\BOOKMARK [2][-]{subsection.2.3.2}{\376\377\0003\000.\0002\000\040\000A\000u\000f\000g\000a\000b\000e\000\040\0002\000\040\000B\000e\000s\000t\000i\000m\000m\000e\000n\000\040\000d\000e\000s\000\040\000W\000o\000c\000h\000e\000n\000t\000a\000g\000s}{section.2.3}% 15
\BOOKMARK [3][-]{subsubsection.2.3.2.1}{\376\377\0003\000.\0002\000.\0001\000\040\000T\000e\000i\000l\000a\000u\000f\000g\000a\000b\000e\000\040\000A\000r\000g\000u\000m\000e\000n\000t\000e\000\040\000P\000a\000r\000s\000e\000n\000\040\000u\000n\000d\000\040\000a\000u\000f\000\040\000K\000o\000r\000r\000e\000k\000t\000h\000e\000i\000t\000\040\000p\000r\000\374\000f\000e\000n}{subsection.2.3.2}% 16
\BOOKMARK [4][-]{paragraph*.3}{\376\377\0003\000.\0002\000.\0001\000.\0001\000\040\000A\000r\000g\000u\000m\000e\000n\000t\000\040\000F\000o\000r\000m\000a\000t}{subsubsection.2.3.2.1}% 17
\BOOKMARK [4][-]{paragraph*.4}{\376\377\0003\000.\0002\000.\0001\000.\0002\000\040\000K\000o\000r\000r\000e\000k\000t\000e\000s\000\040\000D\000a\000t\000u\000m}{subsubsection.2.3.2.1}% 18
\BOOKMARK [4][-]{paragraph*.5}{\376\377\0003\000.\0002\000.\0001\000.\0003\000\040\000V\000o\000r\000g\000a\000b\000e\000n\000\040\000a\000n\000\040\000d\000i\000e\000\040\000U\000m\000s\000e\000t\000z\000u\000n\000g}{subsubsection.2.3.2.1}% 19
\BOOKMARK [4][-]{paragraph*.6}{\376\377\0003\000.\0002\000.\0001\000.\0004\000\040\000H\000i\000n\000w\000e\000i\000s\000e}{subsubsection.2.3.2.1}% 20
\BOOKMARK [3][-]{subsubsection.2.3.2.2}{\376\377\0003\000.\0002\000.\0002\000\040\000T\000e\000i\000l\000a\000u\000f\000g\000a\000b\000e\000\040\000W\000o\000c\000h\000e\000n\000t\000a\000g\000\040\000B\000e\000r\000e\000c\000h\000n\000u\000n\000g}{subsection.2.3.2}% 21
\BOOKMARK [1][-]{section.2.4}{\376\377\0004\000.\000\040\000B\000e\000w\000e\000r\000t\000u\000n\000g}{chapter.2}% 22
\BOOKMARK [1][-]{section.2.5}{\376\377\0005\000.\000\040\000A\000n\000h\000a\000n\000g}{chapter.2}% 23
\BOOKMARK [2][-]{subsection.2.5.1}{\376\377\0005\000.\0001\000\040\000S\000p\000r\000a\000c\000h\000\040\000E\000l\000e\000m\000e\000n\000t}{section.2.5}% 24
\BOOKMARK [2][-]{subsection.2.5.2}{\376\377\0005\000.\0002\000\040\000B\000e\000s\000c\000h\000r\000e\000i\000b\000u\000n\000g}{section.2.5}% 25
\BOOKMARK [0][-]{chapter.3}{\376\377\0000\0003\000\040\000-\000\040\000B\000i\000t\000\040\000O\000p\000e\000r\000a\000t\000i\000o\000n\000e\000n\000,\000\040\000S\000t\000r\000u\000c\000t\000,\000\040\000T\000y\000p\000e\000d\000e\000f}{}% 26
\BOOKMARK [1][-]{section.3.1}{\376\377\0001\000.\000\040\000B\000i\000t\000\040\000O\000p\000e\000r\000a\000t\000i\000o\000n\000e\000n}{chapter.3}% 27
\BOOKMARK [2][-]{subsection.3.1.1}{\376\377\0001\000.\0001\000\040\000\334\000b\000u\000n\000g\000e\000n}{section.3.1}% 28
\BOOKMARK [3][-]{subsubsection.3.1.1.1}{\376\377\0001\000.\000\040\000B\000a\000s\000i\000s\000\040\000O\000p\000e\000r\000a\000t\000i\000o\000n\000e\000n}{subsection.3.1.1}% 29
\BOOKMARK [3][-]{subsubsection.3.1.1.2}{\376\377\0002\000.\000\040\000V\000a\000r\000i\000a\000b\000l\000e\000n\000\040\000t\000a\000u\000s\000c\000h\000e\000n\000\040\000\050\000o\000h\000n\000e\000\040\000D\000r\000i\000t\000t\000-\000V\000a\000r\000i\000a\000b\000l\000e\000\051}{subsection.3.1.1}% 30
\BOOKMARK [3][-]{subsubsection.3.1.1.3}{\376\377\0003\000.\000\040\000L\000o\000w\000e\000r\000-\000\040\000/\000\040\000U\000p\000p\000e\000r\000c\000a\000s\000e}{subsection.3.1.1}% 31
\BOOKMARK [3][-]{subsubsection.3.1.1.4}{\376\377\0004\000.\000\040\000P\000r\000\374\000f\000e\000n\000\040\000a\000u\000f\000\040\0002\000-\000e\000r\000\040\000P\000o\000t\000e\000n\000z}{subsection.3.1.1}% 32
\BOOKMARK [1][-]{section.3.2}{\376\377\0002\000.\000\040\000S\000t\000r\000u\000c\000t\000\040\000\046\000\040\000t\000y\000p\000e\000d\000e\000f}{chapter.3}% 33
\BOOKMARK [2][-]{subsection.3.2.1}{\376\377\0002\000.\0001\000\040\000\334\000b\000u\000n\000g\000e\000n}{section.3.2}% 34
\BOOKMARK [3][-]{subsubsection.3.2.1.1}{\376\377\0001\000.\000\040\000B\000i\000t\000\040\000O\000p\000e\000r\000a\000t\000i\000o\000n\000e\000n\000\040\000R\000e\000c\000h\000n\000e\000r}{subsection.3.2.1}% 35
\BOOKMARK [0][-]{chapter.4}{\376\377\0000\0004\000\040\000-\000\040\000M\000o\000d\000u\000l\000a\000r\000i\000s\000i\000e\000r\000e\000n\000\040\000v\000o\000n\000\040\000C\000\040\000C\000o\000d\000e}{}% 36
\BOOKMARK [1][-]{section.4.1}{\376\377\0001\000.\000\040\000\334\000b\000e\000r\000s\000i\000c\000h\000t}{chapter.4}% 37
\BOOKMARK [1][-]{section.4.2}{\376\377\0002\000.\000\040\000L\000e\000r\000n\000z\000i\000e\000l\000e}{chapter.4}% 38
\BOOKMARK [1][-]{section.4.3}{\376\377\0003\000.\000\040\000A\000u\000f\000g\000a\000b\000e\000\040\0001\000:\000\040\000M\000o\000d\000u\000l\000a\000r\000i\000s\000i\000e\000r\000e\000n}{chapter.4}% 39
\BOOKMARK [2][-]{subsection.4.3.1}{\376\377\0003\000.\0001\000\040\000T\000e\000i\000l\000a\000u\000f\000g\000a\000b\000e\000\040\000M\000o\000d\000u\000l\000e\000s\000\040\000e\000i\000n\000b\000i\000n\000d\000e\000n\000,\000\040\000H\000e\000a\000d\000e\000r\000\040\000F\000i\000l\000e\000s\000\040\000s\000c\000h\000r\000e\000i\000b\000e\000n}{section.4.3}% 40
\BOOKMARK [1][-]{section.4.4}{\376\377\0004\000.\000\040\000A\000u\000f\000g\000a\000b\000e\000\040\0002\000:\000\040\000M\000a\000k\000e\000f\000i\000l\000e\000\040\000R\000e\000g\000e\000l\000n}{chapter.4}% 41
\BOOKMARK [2][-]{subsection.4.4.1}{\376\377\0004\000.\0001\000\040\000N\000e\000u\000e\000\040\000R\000e\000g\000e\000l\000n\000\040\000h\000i\000n\000z\000u\000f\000\374\000g\000e\000n}{section.4.4}% 42
\BOOKMARK [1][-]{section.4.5}{\376\377\0005\000.\000\040\000A\000u\000f\000g\000a\000b\000e\000\040\0003}{chapter.4}% 43
\BOOKMARK [1][-]{section.4.6}{\376\377\0006\000.\000\040\000B\000e\000w\000e\000r\000t\000u\000n\000g}{chapter.4}% 44
\BOOKMARK [1][-]{section.4.7}{\376\377\0007\000.\000\040\000E\000r\000w\000e\000i\000t\000e\000r\000u\000n\000g\000\040\000D\000o\000x\000y\000f\000i\000l\000e\000\040\000f\000\374\000r\000\040\000A\000b\000h\000\344\000n\000g\000i\000g\000k\000e\000i\000t\000s\000a\000n\000a\000l\000y\000s\000e}{chapter.4}% 45
\BOOKMARK [0][-]{chapter.5}{\376\377\0000\0005\000\040\000-\000\040\000A\000r\000r\000a\000y\000s\000/\000S\000t\000r\000i\000n\000g\000s\000/\000T\000i\000c\000T\000a\000c\000T\000o\000e}{}% 46
\BOOKMARK [1][-]{section.5.1}{\376\377\0001\000.\000\040\000\334\000b\000e\000r\000s\000i\000c\000h\000t}{chapter.5}% 47
\BOOKMARK [1][-]{section.5.2}{\376\377\0002\000.\000\040\000L\000e\000r\000n\000z\000i\000e\000l\000e}{chapter.5}% 48
\BOOKMARK [1][-]{section.5.3}{\376\377\0003\000.\000\040\000A\000u\000f\000g\000a\000b\000e\000\040\0001\000:\000\040\000S\000o\000r\000t\000i\000e\000r\000e\000n\000\040\000v\000o\000n\000\040\000S\000t\000r\000i\000n\000g\000s}{chapter.5}% 49
\BOOKMARK [1][-]{section.5.4}{\376\377\0004\000.\000\040\000A\000u\000f\000g\000a\000b\000e\000\040\0002\000:\000\040\000T\000i\000c\000T\000a\000c\000T\000o\000e}{chapter.5}% 50
\BOOKMARK [2][-]{subsection.5.4.1}{\376\377\0004\000.\0001\000\040\000T\000e\000i\000l\000a\000u\000f\000g\000a\000b\000e\000\040\000t\000e\000s\000t\000\137\000m\000o\000d\000e\000l\000\137\000i\000n\000i\000t}{section.5.4}% 51
\BOOKMARK [2][-]{subsection.5.4.2}{\376\377\0004\000.\0002\000\040\000T\000e\000i\000l\000a\000u\000f\000g\000a\000b\000e\000\040\000t\000e\000s\000t\000\137\000m\000o\000d\000e\000l\000\137\000g\000e\000t\000\137\000s\000t\000a\000t\000e\000\040\000u\000n\000d\000\040\000t\000e\000s\000t\000\137\000m\000o\000d\000e\000l\000\137\000g\000e\000t\000\137\000w\000i\000n\000n\000e\000r}{section.5.4}% 52
\BOOKMARK [2][-]{subsection.5.4.3}{\376\377\0004\000.\0003\000\040\000T\000e\000i\000l\000a\000u\000f\000g\000a\000b\000e\000\040\000t\000e\000s\000t\000\137\000m\000o\000d\000e\000l\000\137\000c\000a\000n\000\137\000m\000o\000v\000e}{section.5.4}% 53
\BOOKMARK [2][-]{subsection.5.4.4}{\376\377\0004\000.\0004\000\040\000T\000e\000i\000l\000a\000u\000f\000g\000a\000b\000e\000\040\000t\000e\000s\000t\000\137\000m\000o\000d\000e\000l\000\137\000m\000o\000v\000e\000\040\000u\000n\000d\000\040\000t\000e\000s\000t\000\137\000m\000o\000d\000e\000l\000\137\000g\000e\000t\000\137\000w\000i\000n\000\137\000l\000i\000n\000e}{section.5.4}% 54
\BOOKMARK [1][-]{section.5.5}{\376\377\0005\000.\000\040\000B\000e\000w\000e\000r\000t\000u\000n\000g}{chapter.5}% 55
\BOOKMARK [0][-]{chapter.6}{\376\377\0000\0006\000\040\000-\000\040\000P\000e\000r\000s\000o\000n\000e\000n\000\040\000V\000e\000r\000w\000a\000l\000t\000u\000n\000g\000\040\040\023\000\040\000L\000i\000n\000k\000e\000d\000\040\000L\000i\000s\000t}{}% 56
\BOOKMARK [1][-]{section.6.1}{\376\377\0001\000.\000\040\000\334\000b\000e\000r\000s\000i\000c\000h\000t}{chapter.6}% 57
\BOOKMARK [1][-]{section.6.2}{\376\377\0002\000.\000\040\000L\000e\000r\000n\000z\000i\000e\000l\000e}{chapter.6}% 58
\BOOKMARK [1][-]{section.6.3}{\376\377\0003\000.\000\040\000P\000e\000r\000s\000o\000n\000e\000n\000v\000e\000r\000w\000a\000l\000t\000u\000n\000g}{chapter.6}% 59
\BOOKMARK [2][-]{subsection.6.3.1}{\376\377\0003\000.\0001\000\040\000P\000r\000o\000g\000r\000a\000m\000m\000f\000u\000n\000k\000t\000i\000o\000n}{section.6.3}% 60
\BOOKMARK [2][-]{subsection.6.3.2}{\376\377\0003\000.\0002\000\040\000D\000e\000s\000i\000g\000n\000v\000o\000r\000g\000a\000b\000e\000n}{section.6.3}% 61
\BOOKMARK [2][-]{subsection.6.3.3}{\376\377\0003\000.\0003\000\040\000B\000e\000s\000t\000e\000h\000e\000n\000d\000e\000r\000\040\000P\000r\000o\000g\000r\000a\000m\000m\000r\000a\000h\000m\000e\000n}{section.6.3}% 62
\BOOKMARK [1][-]{section.6.4}{\376\377\0004\000.\000\040\000A\000u\000f\000g\000a\000b\000e\000\040\0001\000:\000\040\000M\000o\000d\000u\000l\000a\000r\000i\000s\000i\000e\000r\000u\000n\000g\000\040\040\023\000\040\000A\000P\000I\000\040\000u\000n\000d\000\040\000I\000m\000p\000l\000e\000m\000e\000n\000t\000a\000t\000i\000o\000n\000\040\000m\000a\000i\000n\000.\000c}{chapter.6}% 63
\BOOKMARK [1][-]{section.6.5}{\376\377\0005\000.\000\040\000A\000u\000f\000g\000a\000b\000e\000\040\0002\000:\000\040\000I\000m\000p\000l\000e\000m\000e\000n\000t\000i\000e\000r\000u\000n\000g\000\040\000v\000o\000n\000\040\000p\000e\000r\000s\000o\000n\000.\000c\000\040\000u\000n\000d\000\040\000l\000i\000s\000t\000.\000c}{chapter.6}% 64
\BOOKMARK [2][-]{subsection.6.5.1}{\376\377\0005\000.\0001\000\040\000T\000e\000i\000l\000a\000u\000f\000g\000a\000b\000e\000:\000\040\000I\000m\000p\000l\000e\000m\000e\000n\000t\000i\000e\000r\000u\000n\000g\000\040\000v\000o\000n\000\040\000p\000e\000r\000s\000o\000n\000.\000c}{section.6.5}% 65
\BOOKMARK [2][-]{subsection.6.5.2}{\376\377\0005\000.\0002\000\040\000T\000e\000i\000l\000a\000u\000f\000g\000a\000b\000e\000:\000\040\000I\000m\000p\000l\000e\000m\000e\000n\000t\000i\000e\000r\000u\000n\000g\000\040\000v\000o\000n\000\040\000l\000i\000s\000t\000.\000c}{section.6.5}% 66
\BOOKMARK [1][-]{section.6.6}{\376\377\0006\000.\000\040\000A\000u\000f\000g\000a\000b\000e\000\040\0003\000:\000\040\000U\000n\000i\000t\000\040\000T\000e\000s\000t\000s}{chapter.6}% 67
\BOOKMARK [1][-]{section.6.7}{\376\377\0007\000.\000\040\000B\000e\000w\000e\000r\000t\000u\000n\000g}{chapter.6}% 68
\BOOKMARK [0][-]{chapter.7}{\376\377\0000\0007\000\040\000-\000\040\000P\000r\000o\000z\000e\000s\000s\000e\000\040\000u\000n\000d\000\040\000T\000h\000r\000e\000a\000d\000s}{}% 69
\BOOKMARK [1][-]{section.7.1}{\376\377\0001\000.\000\040\000\334\000b\000e\000r\000s\000i\000c\000h\000t}{chapter.7}% 70
\BOOKMARK [2][-]{subsection.7.1.1}{\376\377\0001\000.\0001\000\040\000N\000a\000c\000h\000w\000e\000i\000s}{section.7.1}% 71
\BOOKMARK [1][-]{section.7.2}{\376\377\0002\000.\000\040\000L\000e\000r\000n\000z\000i\000e\000l\000e}{chapter.7}% 72
\BOOKMARK [1][-]{section.7.3}{\376\377\0003\000.\000\040\000A\000u\000f\000g\000a\000b\000e\000n}{chapter.7}% 73
\BOOKMARK [2][-]{subsection.7.3.1}{\376\377\0003\000.\0001\000\040\000A\000u\000f\000g\000a\000b\000e\000\040\0001\000:\000\040\000P\000r\000o\000z\000e\000s\000s\000\040\000m\000i\000t\000\040\000f\000o\000r\000k\000\050\000\051\000\040\000e\000r\000z\000e\000u\000g\000e\000n}{section.7.3}% 74
\BOOKMARK [2][-]{subsection.7.3.2}{\376\377\0003\000.\0002\000\040\000A\000u\000f\000g\000a\000b\000e\000\040\0002\000:\000\040\000P\000r\000o\000z\000e\000s\000s\000\040\000m\000i\000t\000\040\000f\000o\000r\000k\000\050\000\051\000\040\000u\000n\000d\000\040\000e\000x\000e\000c\000\050\000\051\000:\000\040\000P\000r\000o\000g\000r\000a\000m\000m\000\040\000I\000m\000a\000g\000e\000\040\000e\000r\000s\000e\000t\000z\000e\000n}{section.7.3}% 75
\BOOKMARK [2][-]{subsection.7.3.3}{\376\377\0003\000.\0003\000\040\000A\000u\000f\000g\000a\000b\000e\000\040\0003\000:\000\040\000P\000r\000o\000z\000e\000s\000s\000h\000i\000e\000r\000a\000r\000c\000h\000i\000e\000\040\000a\000n\000a\000l\000y\000s\000i\000e\000r\000e\000n}{section.7.3}% 76
\BOOKMARK [2][-]{subsection.7.3.4}{\376\377\0003\000.\0004\000\040\000A\000u\000f\000g\000a\000b\000e\000\040\0004\000:\000\040\000Z\000e\000i\000t\000l\000i\000c\000h\000e\000r\000\040\000A\000b\000l\000a\000u\000f\000\040\000v\000o\000n\000\040\000P\000r\000o\000z\000e\000s\000s\000e\000n}{section.7.3}% 77
\BOOKMARK [2][-]{subsection.7.3.5}{\376\377\0003\000.\0005\000\040\000A\000u\000f\000g\000a\000b\000e\000\040\0005\000:\000\040\000W\000a\000i\000s\000e\000n\000k\000i\000n\000d\000e\000r\000\040\000\050\000O\000r\000p\000h\000a\000n\000\040\000P\000r\000o\000c\000e\000s\000s\000e\000s\000\051}{section.7.3}% 78
\BOOKMARK [2][-]{subsection.7.3.6}{\376\377\0003\000.\0006\000\040\000A\000u\000f\000g\000a\000b\000e\000\040\0006\000:\000\040\000T\000e\000r\000m\000i\000n\000i\000e\000r\000t\000e\000,\000\040\000h\000a\000l\000b\000t\000o\000t\000e\000\040\000P\000r\000o\000z\000e\000s\000s\000e\000\040\000\050\000Z\000o\000m\000b\000i\000e\000s\000\051}{section.7.3}% 79
\BOOKMARK [2][-]{subsection.7.3.7}{\376\377\0003\000.\0007\000\040\000A\000u\000f\000g\000a\000b\000e\000\040\0007\000:\000\040\000A\000u\000f\000\040\000T\000e\000r\000m\000i\000n\000i\000e\000r\000e\000n\000\040\000v\000o\000n\000\040\000K\000i\000n\000d\000p\000r\000o\000z\000e\000s\000s\000e\000n\000\040\000w\000a\000r\000t\000e\000n}{section.7.3}% 80
\BOOKMARK [2][-]{subsection.7.3.8}{\376\377\0003\000.\0008\000\040\000A\000u\000f\000g\000a\000b\000e\000\040\0008\000:\000\040\000K\000i\000n\000d\000p\000r\000o\000z\000e\000s\000s\000\040\000a\000l\000s\000\040\000K\000o\000p\000i\000e\000\040\000d\000e\000s\000\040\000E\000l\000t\000e\000r\000n\000p\000r\000o\000z\000e\000s\000s\000e\000s}{section.7.3}% 81
\BOOKMARK [2][-]{subsection.7.3.9}{\376\377\0003\000.\0009\000\040\000A\000u\000f\000g\000a\000b\000e\000\040\0009\000:\000\040\000U\000n\000t\000e\000r\000s\000c\000h\000i\000e\000d\000\040\000v\000o\000n\000\040\000T\000h\000r\000e\000a\000d\000s\000\040\000g\000e\000g\000e\000n\000\374\000b\000e\000r\000\040\000P\000r\000o\000z\000e\000s\000s\000e\000n}{section.7.3}% 82
\BOOKMARK [2][-]{subsection.7.3.10}{\376\377\0003\000.\0001\0000\000\040\000A\000u\000f\000g\000a\000b\000e\000\040\0001\0000\000\040\000\050\000o\000p\000t\000i\000o\000n\000a\000l\000\051\000:}{section.7.3}% 83
\BOOKMARK [3][-]{subsubsection.7.3.10.1}{\376\377\0003\000.\0001\0000\000.\0001\000\040\000\334\000b\000e\000r\000s\000i\000c\000h\000t}{subsection.7.3.10}% 84
\BOOKMARK [4][-]{paragraph*.7}{\376\377\0003\000.\0001\0000\000.\0001\000.\0001\000\040\000N\000a\000c\000h\000w\000e\000i\000s}{subsubsection.7.3.10.1}% 85
\BOOKMARK [3][-]{subsubsection.7.3.10.2}{\376\377\0003\000.\0001\0000\000.\0002\000\040\000L\000e\000r\000n\000z\000i\000e\000l\000e}{subsection.7.3.10}% 86
\BOOKMARK [3][-]{subsubsection.7.3.10.3}{\376\377\0003\000.\0001\0000\000.\0003\000\040\000A\000u\000f\000g\000a\000b\000e\000:\000\040\000D\000\344\000m\000o\000n\000\040\000P\000r\000o\000z\000e\000s\000s\000e}{subsection.7.3.10}% 87
\BOOKMARK [3][-]{subsubsection.7.3.10.4}{\376\377\0003\000.\0001\0000\000.\0004\000\040\000Z\000u\000s\000a\000t\000z\000i\000n\000f\000o\000r\000m\000a\000t\000i\000o\000n\000e\000n}{subsection.7.3.10}% 88
\BOOKMARK [4][-]{paragraph*.8}{\376\377\0003\000.\0001\0000\000.\0004\000.\0001\000\040\000D\000i\000e\000s\000e\000\040\000I\000m\000p\000l\000e\000m\000e\000n\000t\000a\000t\000i\000o\000n}{subsubsection.7.3.10.4}% 89
\BOOKMARK [4][-]{paragraph*.9}{\376\377\0003\000.\0001\0000\000.\0004\000.\0002\000\040\000Z\000u\000s\000a\000t\000z\000i\000n\000f\000o\000r\000m\000a\000t\000i\000o\000n\000\040\000z\000u\000\040\000D\000\344\000m\000o\000n\000\040\000P\000r\000o\000z\000e\000s\000s\000e\000n}{subsubsection.7.3.10.4}% 90
\BOOKMARK [1][-]{section.7.4}{\376\377\0004\000.\000\040\000B\000e\000w\000e\000r\000t\000u\000n\000g}{chapter.7}% 91
\BOOKMARK [0][-]{chapter.8}{\376\377\0000\0008\000\040\000-\000\040\000S\000y\000n\000c\000h\000r\000o\000n\000i\000s\000a\000t\000i\000o\000n\000s\000p\000r\000o\000b\000l\000e\000m\000e}{}% 92
\BOOKMARK [1][-]{section.8.1}{\376\377\0001\000.\000\040\000\334\000b\000e\000r\000s\000i\000c\000h\000t}{chapter.8}% 93
\BOOKMARK [2][-]{subsection.8.1.1}{\376\377\0001\000.\0001\000\040\000N\000a\000c\000h\000w\000e\000i\000s}{section.8.1}% 94
\BOOKMARK [1][-]{section.8.2}{\376\377\0002\000.\000\040\000L\000e\000r\000n\000z\000i\000e\000l\000e}{chapter.8}% 95
\BOOKMARK [1][-]{section.8.3}{\376\377\0003\000.\000\040\000E\000i\000n\000f\000\374\000h\000r\000u\000n\000g}{chapter.8}% 96
\BOOKMARK [2][-]{subsection.8.3.1}{\376\377\0003\000.\0001\000\040\000W\000i\000e\000\040\000l\000\366\000s\000t\000\040\000m\000a\000n\000\040\000S\000y\000n\000c\000h\000r\000o\000n\000i\000s\000a\000t\000i\000o\000n\000s\000p\000r\000o\000b\000l\000e\000m\000e\000?}{section.8.3}% 97
\BOOKMARK [1][-]{section.8.4}{\376\377\0004\000.\000\040\000D\000e\000r\000\040\000K\000a\000f\000f\000e\000e\000-\000A\000u\000t\000o\000m\000a\000t}{chapter.8}% 98
\BOOKMARK [2][-]{subsection.8.4.1}{\376\377\0004\000.\0001\000\040\000A\000u\000f\000g\000a\000b\000e\000:\000\040\000M\000u\000t\000u\000a\000l\000\040\000E\000x\000c\000l\000u\000s\000i\000o\000n}{section.8.4}% 99
\BOOKMARK [3][-]{subsubsection.8.4.1.1}{\376\377\000A\000u\000f\000g\000a\000b\000e\000n}{subsection.8.4.1}% 100
\BOOKMARK [2][-]{subsection.8.4.2}{\376\377\0004\000.\0002\000\040\000A\000u\000f\000g\000a\000b\000e\000:\000\040\000E\000i\000n\000f\000a\000c\000h\000e\000\040\000R\000e\000i\000h\000e\000n\000f\000o\000l\000g\000e}{section.8.4}% 101
\BOOKMARK [3][-]{subsubsection.8.4.2.1}{\376\377\000A\000u\000f\000g\000a\000b\000e\000n}{subsection.8.4.2}% 102
\BOOKMARK [2][-]{subsection.8.4.3}{\376\377\0004\000.\0003\000\040\000A\000u\000f\000g\000a\000b\000e\000:\000\040\000E\000r\000w\000e\000i\000t\000e\000r\000t\000e\000\040\000R\000e\000i\000h\000e\000n\000f\000o\000l\000g\000e}{section.8.4}% 103
\BOOKMARK [3][-]{subsubsection.8.4.3.1}{\376\377\000A\000u\000f\000g\000a\000b\000e}{subsection.8.4.3}% 104
\BOOKMARK [2][-]{subsection.8.4.4}{\376\377\0004\000.\0004\000\040\000Z\000u\000s\000a\000m\000m\000e\000n\000f\000a\000s\000s\000u\000n\000g}{section.8.4}% 105
\BOOKMARK [1][-]{section.8.5}{\376\377\0005\000.\000\040\000I\000n\000t\000e\000r\000n\000a\000t\000i\000o\000n\000a\000l\000\040\000B\000a\000n\000k\000i\000n\000g}{chapter.8}% 106
\BOOKMARK [2][-]{subsection.8.5.1}{\376\377\0005\000.\0001\000\040\000I\000m\000p\000l\000e\000m\000e\000n\000t\000a\000t\000i\000o\000n}{section.8.5}% 107
\BOOKMARK [2][-]{subsection.8.5.2}{\376\377\0005\000.\0002\000\040\000A\000u\000f\000g\000a\000b\000e\000:\000\040\000K\000o\000n\000t\000o\000\040\000S\000y\000n\000c\000h\000r\000o\000n\000i\000s\000a\000t\000i\000o\000n}{section.8.5}% 108
\BOOKMARK [2][-]{subsection.8.5.3}{\376\377\0005\000.\0003\000\040\000A\000u\000f\000g\000a\000b\000e\000:\000\040\000F\000i\000l\000i\000a\000l\000e\000n\000\040\000Z\000u\000g\000r\000i\000f\000f\000\040\000i\000n\000\040\000C\000r\000i\000t\000i\000c\000a\000l\000\040\000S\000e\000c\000t\000i\000o\000n}{section.8.5}% 109
\BOOKMARK [2][-]{subsection.8.5.4}{\376\377\0005\000.\0004\000\040\000A\000u\000f\000g\000a\000b\000e\000:\000\040\000R\000e\000f\000a\000c\000t\000o\000r\000i\000n\000g\000\040\000d\000e\000r\000\040\000S\000y\000n\000c\000h\000r\000o\000n\000i\000s\000a\000t\000i\000o\000n}{section.8.5}% 110
\BOOKMARK [1][-]{section.8.6}{\376\377\0006\000.\000\040\000B\000e\000w\000e\000r\000t\000u\000n\000g}{chapter.8}% 111
\BOOKMARK [0][-]{chapter.9}{\376\377\0000\0009\000\040\000-\000\040\000F\000i\000l\000e\000\040\000O\000p\000e\000r\000a\000t\000i\000o\000n\000s}{}% 112
\BOOKMARK [1][-]{section.9.1}{\376\377\0001\000.\000\040\000\334\000b\000e\000r\000s\000i\000c\000h\000t}{chapter.9}% 113
\BOOKMARK [1][-]{section.9.2}{\376\377\0002\000.\000\040\000L\000e\000r\000n\000z\000i\000e\000l\000e}{chapter.9}% 114
\BOOKMARK [1][-]{section.9.3}{\376\377\0003\000.\000\040\000A\000u\000f\000g\000a\000b\000e\000\040\0001\000:}{chapter.9}% 115
\BOOKMARK [1][-]{section.9.4}{\376\377\0004\000.\000\040\000B\000e\000w\000e\000r\000t\000u\000n\000g}{chapter.9}% 116
\BOOKMARK [0][-]{chapter.10}{\376\377\0001\0000\000\040\000-\000\040\000I\000P\000C}{}% 117
\BOOKMARK [1][-]{section.10.1}{\376\377\0001\000.\000\040\000\334\000b\000e\000r\000s\000i\000c\000h\000t}{chapter.10}% 118
\BOOKMARK [1][-]{section.10.2}{\376\377\0002\000.\000\040\000L\000e\000r\000n\000z\000i\000e\000l\000e}{chapter.10}% 119
\BOOKMARK [1][-]{section.10.3}{\376\377\0003\000.\000\040\000A\000u\000f\000g\000a\000b\000e\000\040\0001\000:}{chapter.10}% 120
\BOOKMARK [1][-]{section.10.4}{\376\377\0004\000.\000\040\000B\000e\000w\000e\000r\000t\000u\000n\000g}{chapter.10}% 121
